[35m[1mConsolidate compiler generated dependencies of target key_control[0m
[ 60%] Built target chassis
[ 80%] [32mBuilding CXX object CMakeFiles/key_control.dir/src/control.cpp.o[0m
[01m[K/home/bxi/car2/diffbot_chassis/src/chassis/src/control.cpp:[m[K In member function ‘[01m[Kvoid RemoteCtrl::update_target_twist()[m[K’:
[01m[K/home/bxi/car2/diffbot_chassis/src/chassis/src/control.cpp:222:20:[m[K [01;35m[Kwarning: [m[Kunused variable ‘[01m[Klinear_z[m[K’ [[01;35m[K]8;;https://gcc.gnu.org/onlinedocs/gcc/Warning-Options.html#index-Wunused-variable-Wunused-variable]8;;[m[K]
  222 |             double [01;35m[Klinear_z[m[K = apply_deadzone(axis_value(axis_linear_z_), deadzone_);
      |                    [01;35m[K^~~~~~~~[m[K
[100%] [32m[1mLinking CXX executable key_control[0m
[100%] Built target key_control
-- Install configuration: ""
-- Up-to-date: /home/bxi/car2/diffbot_chassis/install/chassis/lib/chassis/chassis
-- Installing: /home/bxi/car2/diffbot_chassis/install/chassis/lib/chassis/key_control
-- Set runtime path of "/home/bxi/car2/diffbot_chassis/install/chassis/lib/chassis/key_control" to ""
-- Up-to-date: /home/bxi/car2/diffbot_chassis/install/chassis/share/ament_index/resource_index/package_run_dependencies/chassis
-- Up-to-date: /home/bxi/car2/diffbot_chassis/install/chassis/share/ament_index/resource_index/parent_prefix_path/chassis
-- Up-to-date: /home/bxi/car2/diffbot_chassis/install/chassis/share/chassis/environment/ament_prefix_path.sh
-- Up-to-date: /home/bxi/car2/diffbot_chassis/install/chassis/share/chassis/environment/ament_prefix_path.dsv
-- Up-to-date: /home/bxi/car2/diffbot_chassis/install/chassis/share/chassis/environment/path.sh
-- Up-to-date: /home/bxi/car2/diffbot_chassis/install/chassis/share/chassis/environment/path.dsv
-- Up-to-date: /home/bxi/car2/diffbot_chassis/install/chassis/share/chassis/local_setup.bash
-- Up-to-date: /home/bxi/car2/diffbot_chassis/install/chassis/share/chassis/local_setup.sh
-- Up-to-date: /home/bxi/car2/diffbot_chassis/install/chassis/share/chassis/local_setup.zsh
-- Up-to-date: /home/bxi/car2/diffbot_chassis/install/chassis/share/chassis/local_setup.dsv
-- Installing: /home/bxi/car2/diffbot_chassis/install/chassis/share/chassis/package.dsv
-- Up-to-date: /home/bxi/car2/diffbot_chassis/install/chassis/share/ament_index/resource_index/packages/chassis
-- Up-to-date: /home/bxi/car2/diffbot_chassis/install/chassis/share/chassis/cmake/chassisConfig.cmake
-- Up-to-date: /home/bxi/car2/diffbot_chassis/install/chassis/share/chassis/cmake/chassisConfig-version.cmake
-- Up-to-date: /home/bxi/car2/diffbot_chassis/install/chassis/share/chassis/package.xml
