[35m[1mConsolidate compiler generated dependencies of target key_control[0m
[ 60%] Built target chassis
[ 80%] [32mBuilding CXX object CMakeFiles/key_control.dir/src/control.cpp.o[0m
[100%] [32m[1mLinking CXX executable key_control[0m
[100%] Built target key_control
-- Install configuration: ""
-- Up-to-date: /home/bxi/car2/diffbot_chassis/install/chassis/lib/chassis/chassis
-- Installing: /home/bxi/car2/diffbot_chassis/install/chassis/lib/chassis/key_control
-- Set runtime path of "/home/bxi/car2/diffbot_chassis/install/chassis/lib/chassis/key_control" to ""
-- Up-to-date: /home/bxi/car2/diffbot_chassis/install/chassis/share/ament_index/resource_index/package_run_dependencies/chassis
-- Up-to-date: /home/bxi/car2/diffbot_chassis/install/chassis/share/ament_index/resource_index/parent_prefix_path/chassis
-- Up-to-date: /home/bxi/car2/diffbot_chassis/install/chassis/share/chassis/environment/ament_prefix_path.sh
-- Up-to-date: /home/bxi/car2/diffbot_chassis/install/chassis/share/chassis/environment/ament_prefix_path.dsv
-- Up-to-date: /home/bxi/car2/diffbot_chassis/install/chassis/share/chassis/environment/path.sh
-- Up-to-date: /home/bxi/car2/diffbot_chassis/install/chassis/share/chassis/environment/path.dsv
-- Up-to-date: /home/bxi/car2/diffbot_chassis/install/chassis/share/chassis/local_setup.bash
-- Up-to-date: /home/bxi/car2/diffbot_chassis/install/chassis/share/chassis/local_setup.sh
-- Up-to-date: /home/bxi/car2/diffbot_chassis/install/chassis/share/chassis/local_setup.zsh
-- Up-to-date: /home/bxi/car2/diffbot_chassis/install/chassis/share/chassis/local_setup.dsv
-- Installing: /home/bxi/car2/diffbot_chassis/install/chassis/share/chassis/package.dsv
-- Up-to-date: /home/bxi/car2/diffbot_chassis/install/chassis/share/ament_index/resource_index/packages/chassis
-- Up-to-date: /home/bxi/car2/diffbot_chassis/install/chassis/share/chassis/cmake/chassisConfig.cmake
-- Up-to-date: /home/bxi/car2/diffbot_chassis/install/chassis/share/chassis/cmake/chassisConfig-version.cmake
-- Up-to-date: /home/bxi/car2/diffbot_chassis/install/chassis/share/chassis/package.xml
